file /home/andrea/WORKSPACE/cantera/SConstruct,line 710:
	Configure(confdir = .sconf_temp)
scons: Configure: Checking for C++ header file cmath... 
scons: Configure: ".sconf_temp/conftest_0.cpp" is up to date.
scons: Configure: The original builder output was:
  |.sconf_temp/conftest_0.cpp <-
  |  |
  |  |#include <cmath>
  |  |
  |  |
  |
scons: Configure: ".sconf_temp/conftest_0.o" is up to date.
scons: Configure: The original builder output was:
  |g++ -o .sconf_temp/conftest_0.o -c -pthread -O3 -Wno-inline -g -DNDEBUG .sconf_temp/conftest_0.cpp
  |
scons: Configure: (cached) yes

scons: Configure: Checking for C header file sys/times.h... 
scons: Configure: ".sconf_temp/conftest_1.c" is up to date.
scons: Configure: The original builder output was:
  |.sconf_temp/conftest_1.c <-
  |  |
  |  |#include "sys/times.h"
  |  |
  |  |
  |
scons: Configure: ".sconf_temp/conftest_1.o" is up to date.
scons: Configure: The original builder output was:
  |gcc -o .sconf_temp/conftest_1.o -c -pthread -O3 -Wno-inline -g -DNDEBUG .sconf_temp/conftest_1.c
  |
scons: Configure: (cached) yes

scons: Configure: Checking for C header file unistd.h... 
scons: Configure: ".sconf_temp/conftest_2.c" is up to date.
scons: Configure: The original builder output was:
  |.sconf_temp/conftest_2.c <-
  |  |
  |  |#include "unistd.h"
  |  |
  |  |
  |
scons: Configure: ".sconf_temp/conftest_2.o" is up to date.
scons: Configure: The original builder output was:
  |gcc -o .sconf_temp/conftest_2.o -c -pthread -O3 -Wno-inline -g -DNDEBUG .sconf_temp/conftest_2.c
  |
scons: Configure: (cached) yes

scons: Configure: Checking whether erf is declared... 
scons: Configure: ".sconf_temp/conftest_3.cpp" is up to date.
scons: Configure: The original builder output was:
  |.sconf_temp/conftest_3.cpp <-
  |  |#include <math.h>
  |  |int main()
  |  |{
  |  |#ifndef erf
  |  |    (void) erf;
  |  |#endif
  |  |    ;
  |  |    return 0;
  |  |}
  |  |
  |
scons: Configure: ".sconf_temp/conftest_3.o" is up to date.
scons: Configure: The original builder output was:
  |g++ -o .sconf_temp/conftest_3.o -c -pthread -O3 -Wno-inline -g -DNDEBUG .sconf_temp/conftest_3.cpp
  |
scons: Configure: (cached) yes

scons: Configure: Checking for ::isnan(1.0)... 
scons: Configure: ".sconf_temp/conftest_4.cpp" is up to date.
scons: Configure: The original builder output was:
  |.sconf_temp/conftest_4.cpp <-
  |  |
  |  |#include <cmath>
  |  |int main(int argc, char** argv) {
  |  |    ::isnan(1.0);
  |  |    return 0;
  |  |}
  |  |
  |
scons: Configure: ".sconf_temp/conftest_4.o" is up to date.
scons: Configure: The original builder output was:
  |g++ -o .sconf_temp/conftest_4.o -c -pthread -O3 -Wno-inline -g -DNDEBUG .sconf_temp/conftest_4.cpp
  |
scons: Configure: (cached) yes

scons: Configure: Checking for std::isnan(1.0)... 
scons: Configure: ".sconf_temp/conftest_5.cpp" is up to date.
scons: Configure: The original builder output was:
  |.sconf_temp/conftest_5.cpp <-
  |  |
  |  |#include <cmath>
  |  |int main(int argc, char** argv) {
  |  |    std::isnan(1.0);
  |  |    return 0;
  |  |}
  |  |
  |
scons: Configure: ".sconf_temp/conftest_5.o" is up to date.
scons: Configure: The original builder output was:
  |g++ -o .sconf_temp/conftest_5.o -c -pthread -O3 -Wno-inline -g -DNDEBUG .sconf_temp/conftest_5.cpp
  |
scons: Configure: (cached) yes

scons: Configure: Checking for _isnan(1.0)... 
scons: Configure: ".sconf_temp/conftest_6.cpp" is up to date.
scons: Configure: The original builder output was:
  |.sconf_temp/conftest_6.cpp <-
  |  |
  |  |#include <cmath>
  |  |#include <float.h>
  |  |int main(int argc, char** argv) {
  |  |    _isnan(1.0);
  |  |    return 0;
  |  |}
  |  |
  |
scons: Configure: Building ".sconf_temp/conftest_6.o" failed in a previous run and all its sources are up to date.
scons: Configure: The original builder output was:
  |g++ -o .sconf_temp/conftest_6.o -c -pthread -O3 -Wno-inline -g -DNDEBUG .sconf_temp/conftest_6.cpp
  |
scons: Configure: (cached) no

scons: Configure: Checking for C++ header file boost/math/special_functions/erf.hpp... 
scons: Configure: ".sconf_temp/conftest_7.cpp" is up to date.
scons: Configure: The original builder output was:
  |.sconf_temp/conftest_7.cpp <-
  |  |
  |  |#include <boost/math/special_functions/erf.hpp>
  |  |
  |  |
  |
scons: Configure: ".sconf_temp/conftest_7.o" is up to date.
scons: Configure: The original builder output was:
  |g++ -o .sconf_temp/conftest_7.o -c -pthread -O3 -Wno-inline -g -DNDEBUG .sconf_temp/conftest_7.cpp
  |
scons: Configure: (cached) yes

scons: Configure: ".sconf_temp/conftest_8.cpp" is up to date.
scons: Configure: The original builder output was:
  |.sconf_temp/conftest_8.cpp <-
  |  |#include <boost/version.hpp>
  |  |#include <iostream>
  |  |int main(int argc, char** argv) {
  |  |    std::cout << BOOST_LIB_VERSION << std::endl;
  |  |    return 0;
  |  |}
  |  |
  |
scons: Configure: ".sconf_temp/conftest_8.o" is up to date.
scons: Configure: The original builder output was:
  |g++ -o .sconf_temp/conftest_8.o -c -pthread -O3 -Wno-inline -g -DNDEBUG .sconf_temp/conftest_8.cpp
  |
scons: Configure: ".sconf_temp/conftest_8" is up to date.
scons: Configure: The original builder output was:
  |g++ -o .sconf_temp/conftest_8 -pthread .sconf_temp/conftest_8.o
  |
scons: Configure: ".sconf_temp/conftest_8.out" is up to date.
scons: Configure: The original builder output was:
  |.sconf_temp/conftest_8 > .sconf_temp/conftest_8.out
  |
scons: Configure: Checking for CVodeCreate(CV_BDF, CV_NEWTON) in C++ library sundials_cvodes... 
scons: Configure: ".sconf_temp/conftest_9.cpp" is up to date.
scons: Configure: The original builder output was:
  |.sconf_temp/conftest_9.cpp <-
  |  |
  |  |
  |  |#include "cvodes/cvodes.h"
  |  |int
  |  |main() {
  |  |  CVodeCreate(CV_BDF, CV_NEWTON);
  |  |return 0;
  |  |}
  |  |
  |
scons: Configure: ".sconf_temp/conftest_9.o" is up to date.
scons: Configure: The original builder output was:
  |g++ -o .sconf_temp/conftest_9.o -c -pthread -O3 -Wno-inline -g -DNDEBUG .sconf_temp/conftest_9.cpp
  |
scons: Configure: ".sconf_temp/conftest_9" is up to date.
scons: Configure: The original builder output was:
  |g++ -o .sconf_temp/conftest_9 -pthread .sconf_temp/conftest_9.o -lsundials_cvodes
  |
scons: Configure: (cached) yes

scons: Configure: Checking for double x; log(x) in C library None... 
scons: Configure: ".sconf_temp/conftest_10.c" is up to date.
scons: Configure: The original builder output was:
  |.sconf_temp/conftest_10.c <-
  |  |
  |  |
  |  |#include "math.h"
  |  |
  |  |int
  |  |main() {
  |  |  double x; log(x);
  |  |return 0;
  |  |}
  |  |
  |
scons: Configure: ".sconf_temp/conftest_10.o" is up to date.
scons: Configure: The original builder output was:
  |gcc -o .sconf_temp/conftest_10.o -c -pthread -O3 -Wno-inline -g -DNDEBUG .sconf_temp/conftest_10.c
  |
scons: Configure: Building ".sconf_temp/conftest_10" failed in a previous run and all its sources are up to date.
scons: Configure: The original builder output was:
  |gcc -o .sconf_temp/conftest_10 -pthread .sconf_temp/conftest_10.o
  |
scons: Configure: (cached) no

scons: Configure: ".sconf_temp/conftest_11.cpp" is up to date.
scons: Configure: The original builder output was:
  |.sconf_temp/conftest_11.cpp <-
  |  |#include "sundials/sundials_config.h"
  |  |#include <iostream>
  |  |int main(int argc, char** argv) {
  |  |    std::cout << SUNDIALS_PACKAGE_VERSION << std::endl;
  |  |    return 0;
  |  |}
  |  |
  |
scons: Configure: ".sconf_temp/conftest_11.o" is up to date.
scons: Configure: The original builder output was:
  |g++ -o .sconf_temp/conftest_11.o -c -pthread -O3 -Wno-inline -g -DNDEBUG .sconf_temp/conftest_11.cpp
  |
scons: Configure: ".sconf_temp/conftest_11" is up to date.
scons: Configure: The original builder output was:
  |g++ -o .sconf_temp/conftest_11 -pthread .sconf_temp/conftest_11.o
  |
scons: Configure: ".sconf_temp/conftest_11.out" is up to date.
scons: Configure: The original builder output was:
  |.sconf_temp/conftest_11 > .sconf_temp/conftest_11.out
  |
scons: Configure: ".sconf_temp/conftest_12.cpp" is up to date.
scons: Configure: The original builder output was:
  |.sconf_temp/conftest_12.cpp <-
  |  |#include "sundials/sundials_config.h"
  |  |#include <iostream>
  |  |int main(int argc, char** argv) {
  |  |    std::cout << SUNDIALS_BLAS_LAPACK << std::endl;
  |  |    return 0;
  |  |}
  |  |
  |
scons: Configure: ".sconf_temp/conftest_12.o" is up to date.
scons: Configure: The original builder output was:
  |g++ -o .sconf_temp/conftest_12.o -c -pthread -O3 -Wno-inline -g -DNDEBUG .sconf_temp/conftest_12.cpp
  |
scons: Configure: ".sconf_temp/conftest_12" is up to date.
scons: Configure: The original builder output was:
  |g++ -o .sconf_temp/conftest_12 -pthread .sconf_temp/conftest_12.o
  |
scons: Configure: ".sconf_temp/conftest_12.out" is up to date.
scons: Configure: The original builder output was:
  |.sconf_temp/conftest_12 > .sconf_temp/conftest_12.out
  |
scons: Configure: Checking for C library gfortran... 
scons: Configure: ".sconf_temp/conftest_13.c" is up to date.
scons: Configure: The original builder output was:
  |.sconf_temp/conftest_13.c <-
  |  |
  |  |
  |  |
  |  |int
  |  |main() {
  |  |  
  |  |return 0;
  |  |}
  |  |
  |
scons: Configure: ".sconf_temp/conftest_13.o" is up to date.
scons: Configure: The original builder output was:
  |gcc -o .sconf_temp/conftest_13.o -c -pthread -O3 -Wno-inline -g -DNDEBUG .sconf_temp/conftest_13.c
  |
scons: Configure: ".sconf_temp/conftest_13" is up to date.
scons: Configure: The original builder output was:
  |gcc -o .sconf_temp/conftest_13 -pthread .sconf_temp/conftest_13.o -lgfortran
  |
scons: Configure: (cached) yes


